\BOOKMARK [1][-]{section.1}{\376\377\004\022\004\062\004\065\004\064\004\065\004\075\004\070\004\065}{}% 1
\BOOKMARK [2][-]{subsection.1.1}{\376\377\004\040\004\060\004\067\004\062\004\070\004\102\004\070\004\065\000\040\004\104\004\070\004\073\004\076\004\101\004\076\004\104\004\101\004\072\004\076\004\071\000\040\004\074\004\113\004\101\004\073\004\070}{section.1}% 2
\BOOKMARK [2][-]{subsection.1.2}{\376\377\004\037\004\060\004\064\004\065\004\075\004\070\004\065\000\040\004\060\004\075\004\102\004\070\004\107\004\075\004\076\004\063\004\076\000\040\004\074\004\070\004\100\004\060}{section.1}% 3
\BOOKMARK [2][-]{subsection.1.3}{\376\377\004\040\004\060\004\101\004\077\004\060\004\064\000\040\004\105\004\100\004\070\004\101\004\102\004\070\004\060\004\075\004\101\004\072\004\076\004\071\000\040\004\106\004\065\004\100\004\072\004\062\004\070\000.\000\040\004\027\004\060\004\100\004\076\004\066\004\064\004\065\004\075\004\070\004\065\000\040\004\101\004\105\004\076\004\073\004\060\004\101\004\102\004\070\004\072\004\070}{section.1}% 4
\BOOKMARK [2][-]{subsection.1.4}{\376\377\004\020\004\075\004\101\004\065\004\073\004\114\004\074\000\040\004\032\004\065\004\075\004\102\004\065\004\100\004\061\004\065\004\100\004\070\004\071\004\101\004\072\004\070\004\071}{section.1}% 5
\BOOKMARK [1][-]{section.2}{\376\377\004\044\004\070\004\073\004\076\004\101\004\076\004\104\004\070\004\117\000\040\004\041\004\100\004\065\004\064\004\075\004\070\004\105\000\040\004\022\004\065\004\072\004\076\004\062\000.}{}% 6
\BOOKMARK [2][-]{subsection.2.1}{\376\377\004\044\004\070\004\073\004\076\004\101\004\076\004\104\004\101\004\072\004\060\004\117\000\040\004\074\004\113\004\101\004\073\004\114\000\040\004\062\000\040\004\100\004\060\004\075\004\075\004\065\004\074\000\040\004\101\004\100\004\065\004\064\004\075\004\065\004\062\004\065\004\072\004\076\004\062\004\114\004\065\000.\000\040\004\022\004\076\004\067\004\075\004\070\004\072\004\075\004\076\004\062\004\065\004\075\004\070\004\065\000\040\004\101\004\105\004\076\004\073\004\060\004\101\004\102\004\070\004\072\004\070\000\040\000\050\000V\000-\000X\000I\000I\000\051}{section.2}% 7
\BOOKMARK [2][-]{subsection.2.2}{\376\377\004\030\004\074\004\060\004\074\000\040\040\023\000\040\004\063\004\073\004\060\004\062\004\060\000\040\004\077\004\100\004\060\004\062\004\076\004\062\004\065\004\100\004\075\004\113\004\105\000\040\004\070\000\040\004\077\004\100\004\117\004\074\004\076\004\071\000\040\004\077\004\076\004\102\004\076\004\074\004\076\004\072\000\040\004\020\004\073\004\070\000.}{section.2}% 8
\BOOKMARK [2][-]{subsection.2.3}{\376\377\000\040\004\040\004\060\004\101\004\106\004\062\004\065\004\102\000\040\004\070\004\101\004\073\004\060\004\074\004\101\004\072\004\076\004\071\000\040\004\104\004\070\004\073\004\076\004\101\004\076\004\104\004\070\004\070}{section.2}% 9
\BOOKMARK [2][-]{subsection.2.4}{\376\377\004\027\004\060\004\072\004\060\004\102\000\040\004\070\004\101\004\073\004\060\004\074\004\101\004\072\004\076\004\071\000\040\004\104\004\070\004\073\004\076\004\101\004\076\004\104\004\070\004\070}{section.2}% 10
\BOOKMARK [1][-]{section.3}{\376\377\004\037\004\076\004\067\004\064\004\075\004\117\004\117\000\040\004\101\004\105\004\076\004\073\004\060\004\101\004\102\004\070\004\072\004\060\000.\000\040\004\027\004\060\004\077\004\060\004\064\004\075\004\076\004\065\004\062\004\100\004\076\004\077\004\065\004\071\004\101\004\072\004\060\004\117\000\040\004\100\004\065\004\073\004\070\004\063\004\070\004\076\004\067\004\075\004\060\004\117\000\040\004\104\004\070\004\073\004\076\004\101\004\076\004\104\004\070\004\117\000.}{}% 11
\BOOKMARK [2][-]{subsection.3.1}{\376\377\004\022\004\076\004\067\004\075\004\070\004\072\004\075\004\076\004\062\004\065\004\075\004\070\004\065\000\040\004\103\004\075\004\070\004\062\004\065\004\100\004\101\004\070\004\102\004\065\004\102\004\076\004\062}{section.3}% 12
\BOOKMARK [2][-]{subsection.3.2}{\376\377\004\044\004\070\004\073\004\076\004\101\004\076\004\104\004\113\000\040\004\041\004\105\004\076\004\073\004\060\004\101\004\102\004\070\004\072\004\070}{section.3}% 13
\BOOKMARK [3][-]{subsubsection.3.2.1}{\376\377\004\020\004\062\004\063\004\103\004\101\004\102\004\070\004\075\004\070\004\060\004\075\004\106\004\113}{subsection.3.2}% 14
\BOOKMARK [3][-]{subsubsection.3.2.2}{\376\377\004\041\004\100\004\065\004\064\004\075\004\065\004\062\004\065\004\072\004\076\004\062\004\113\004\071\000\040\004\060\004\100\004\070\004\101\004\102\004\076\004\102\004\065\004\073\004\070\004\067\004\074}{subsection.3.2}% 15
\BOOKMARK [3][-]{subsubsection.3.2.3}{\376\377\004\034\004\060\004\102\004\065\004\100\004\070\004\060\004\073\004\070\004\101\004\102\004\070\004\107\004\065\004\101\004\072\004\070\004\071\000\040\004\060\004\100\004\070\004\101\004\102\004\076\004\102\004\065\004\073\004\070\004\067\004\074}{subsection.3.2}% 16
\BOOKMARK [3][-]{subsubsection.3.2.4}{\376\377\004\040\004\076\004\064\004\066\004\065\004\100\000\040\004\021\004\115\004\072\004\076\004\075}{subsection.3.2}% 17
\BOOKMARK [1][-]{section.4}{\376\377\004\037\004\076\004\067\004\064\004\075\004\117\004\117\000\040\004\101\004\105\004\076\004\073\004\060\004\101\004\102\004\070\004\072\004\060\000\040\004\070\000\040\004\115\004\077\004\076\004\105\004\060\000\040\004\022\004\076\004\067\004\100\004\076\004\066\004\064\004\065\004\075\004\070\004\117\000.}{}% 18
\BOOKMARK [2][-]{subsection.4.1}{\376\377\004\037\004\076\004\067\004\064\004\075\004\117\004\117\000\040\004\101\004\105\004\076\004\073\004\060\004\101\004\102\004\070\004\072\004\060}{section.4}% 19
\BOOKMARK [3][-]{subsubsection.4.1.1}{\376\377\004\030\004\076\004\060\004\075\004\075\000\040\004\024\004\103\004\075\004\101\000\040\004\041\004\072\004\076\004\102\004\102\000\040\000\050\0001\0002\0007\0000\000-\0001\0003\0000\0008\000\051}{subsection.4.1}% 20
\BOOKMARK [3][-]{subsubsection.4.1.2}{\376\377\004\043\004\070\004\073\004\114\004\117\004\074\000\040\004\036\004\072\004\072\004\060\004\074\000\040\000\050\0001\0002\0008\0005\000\040\000-\000\040\0001\0003\0004\0009\000\051}{subsection.4.1}% 21
\BOOKMARK [2][-]{subsection.4.2}{\376\377\004\044\004\070\004\073\004\076\004\101\004\076\004\104\004\101\004\072\004\060\004\117\000\040\004\070\000\040\004\076\004\061\004\111\004\065\004\101\004\102\004\062\004\065\004\075\004\075\004\076\000-\004\077\004\076\004\073\004\070\004\102\004\070\004\107\004\065\004\101\004\072\004\060\004\117\000\040\004\074\004\113\004\101\004\073\004\114\000\040\004\115\004\077\004\076\004\105\004\070\000\040\004\062\004\076\004\067\004\100\004\076\004\066\004\064\004\065\004\075\004\070\004\117\000\040\000\050\004\101\004\100\004\065\004\064\004\070\004\075\004\060\000\040\000X\000I\000V\000\040\040\023\000\040\000X\000V\000I\000\040\004\062\000.\004\062\000.\000\051}{section.4}% 22
\BOOKMARK [3][-]{subsubsection.4.2.1}{\376\377\004\044\004\100\004\060\004\075\004\107\004\065\004\101\004\072\004\060\000\040\004\037\004\065\004\102\004\100\004\060\004\100\004\072\004\060\000\040\000\050\0001\0003\0000\0004\040\023\0001\0003\0007\0004\000\051}{subsection.4.2}% 23
\BOOKMARK [3][-]{subsubsection.4.2.2}{\376\377\004\024\004\066\004\076\004\062\004\060\004\075\004\075\004\070\000\040\004\021\004\076\004\072\004\072\004\060\004\107\004\107\004\076\000\040\000\050\0001\0003\0001\0003\000-\0001\0003\0007\0005\000\051}{subsection.4.2}% 24
\BOOKMARK [3][-]{subsubsection.4.2.3}{\376\377\004\035\004\070\004\072\004\076\004\073\004\060\004\071\000\040\004\032\004\100\004\115\004\061\004\101\000\040\000\050\0001\0004\0003\0004\000-\0001\0004\0006\0004\000\051}{subsection.4.2}% 25
\BOOKMARK [3][-]{subsubsection.4.2.4}{\376\377\004\035\004\070\004\072\004\076\004\073\004\060\000\040\004\034\004\060\004\072\004\070\004\060\004\062\004\065\004\073\004\073\004\070\000\040\000\050\0001\0004\0006\0009\000-\0001\0005\0002\0007\000\051}{subsection.4.2}% 26
\BOOKMARK [1][-]{section.5}{\376\377\004\035\004\060\004\103\004\072\004\060\000\040\004\062\000\040\004\115\004\077\004\076\004\105\004\103\000\040\004\022\004\076\004\067\004\100\004\076\004\066\004\064\004\065\004\075\004\070\004\117}{}% 27
\BOOKMARK [2][-]{subsection.5.1}{\376\377\004\037\004\100\004\076\004\102\004\065\004\101\004\102\004\060\004\075\004\102\004\101\004\102\004\062\004\076\000.}{section.5}% 28
\BOOKMARK [2][-]{subsection.5.2}{\376\377\004\024\004\065\004\117\004\102\004\065\004\073\004\070\000\040\004\022\004\076\004\067\004\100\004\076\004\066\004\064\004\065\004\075\004\070\004\117\000\040\004\062\004\076\000\040\004\044\004\100\004\060\004\075\004\106\004\070\004\070}{section.5}% 29
\BOOKMARK [3][-]{subsubsection.5.2.1}{\376\377\004\044\004\100\004\060\004\075\004\101\004\103\004\060\000\040\004\040\004\060\004\061\004\073\004\065\000\040\000\050\0001\0004\0009\0004\000-\0001\0005\0005\0003\000\051}{subsection.5.2}% 30
\BOOKMARK [3][-]{subsubsection.5.2.2}{\376\377\004\037\004\114\004\065\004\100\000\040\004\064\004\065\000\040\004\073\004\117\000\040\004\040\004\060\004\074\004\065\000\040\000\050\0001\0005\0001\0005\000-\0001\0005\0007\0002\000\051}{subsection.5.2}% 31
\BOOKMARK [3][-]{subsubsection.5.2.3}{\376\377\004\034\004\070\004\110\004\065\004\073\004\114\000\040\004\064\004\065\000\040\004\034\004\076\004\075\004\102\004\065\004\075\004\114\000\040\000\050\0001\0005\0003\0003\000-\000\040\0001\0005\0009\0002\000\051}{subsection.5.2}% 32
\BOOKMARK [2][-]{subsection.5.3}{\376\377\004\035\004\060\004\103\004\107\004\075\004\060\004\117\000\040\004\100\004\065\004\062\004\076\004\073\004\116\004\106\004\070\004\117\000.\000\040\004\022\004\076\004\067\004\075\004\070\004\072\004\075\004\076\004\062\004\065\004\075\004\070\004\065\000\040\004\101\004\076\004\062\004\100\004\065\004\074\004\065\004\075\004\075\004\076\004\063\004\076\000\040\004\065\004\101\004\102\004\065\004\101\004\102\004\062\004\076\004\067\004\075\004\060\004\075\004\070\004\117\000.\000\040\004\035\004\060\004\103\004\072\004\060\000\040\004\062\000\040\004\115\004\077\004\076\004\105\004\103\000\040\004\022\004\076\004\067\004\100\004\076\004\066\004\064\004\065\004\075\004\070\004\117}{section.5}% 33
\BOOKMARK [2][-]{subsection.5.4}{\376\377\004\022\004\065\004\073\004\070\004\072\004\070\004\065\000\040\004\103\004\107\004\065\004\075\004\113\004\065\000\040\000X\000V\000I\000I\000\040\004\062\004\065\004\072\004\060}{section.5}% 34
\BOOKMARK [1][-]{section.6}{\376\377\004\022\004\076\004\067\004\075\004\070\004\072\004\075\004\076\004\062\004\065\004\075\004\070\004\065\000\040\004\072\004\073\004\060\004\101\004\101\004\070\004\107\004\065\004\101\004\072\004\076\004\071\000\040\004\104\004\070\004\073\004\076\004\101\004\076\004\104\004\070\004\070\000\040\004\075\004\076\004\062\004\076\004\063\004\076\000\040\004\062\004\100\004\065\004\074\004\065\004\075\004\070\000.\000\040\004\021\004\076\004\100\004\114\004\061\004\060\000\040\004\115\004\074\004\077\004\070\004\100\004\070\004\067\004\074\004\060\000\040\004\070\000\040\004\100\004\060\004\106\004\070\004\076\004\075\004\060\004\073\004\070\004\067\004\074\004\060\000.}{}% 35
\BOOKMARK [2][-]{subsection.6.1}{\376\377\004\044\004\100\004\065\004\075\004\101\004\070\004\101\000\040\004\021\004\065\004\072\004\076\004\075\000\050\0001\0005\0006\0001\000-\0001\0006\0002\0005\000\051}{section.6}% 36
\BOOKMARK [2][-]{subsection.6.2}{\376\377\004\040\004\065\004\075\004\065\000\040\004\024\004\065\004\072\004\060\004\100\004\102\000\050\0001\0005\0009\0006\000-\0001\0006\0006\0000\000\051}{section.6}% 37
\BOOKMARK [1][-]{section.7}{\376\377\004\044\004\070\004\073\004\076\004\101\004\076\004\104\004\070\004\117\000\040\004\075\004\076\004\062\004\076\004\063\004\076\000\040\004\062\004\100\004\065\004\074\004\065\004\075\004\070\000\040\000\050\004\077\004\100\004\076\004\064\004\076\004\073\004\066\004\065\004\075\004\070\004\065\000\051}{}% 38
\BOOKMARK [1][-]{section.8}{\376\377\004\037\004\040\004\036\004\024\004\036\004\033\004\026\004\025\004\035\004\030\004\025\000\040\004\033\004\030\004\035\004\030\004\030\000\040\004\055\004\034\004\037\004\025\004\040\004\030\004\027\004\034\004\020}{}% 39
\BOOKMARK [2][-]{subsection.8.1}{\376\377\004\024\004\066\004\076\004\075\000\040\004\033\004\076\004\072\004\072\000.\000\040\000\050\0001\0006\0003\0002\000-\0001\0007\0000\0004\000\051}{section.8}% 40
\BOOKMARK [2][-]{subsection.8.2}{\376\377\004\024\004\066\004\076\004\100\004\064\004\066\000\040\004\021\004\065\004\100\004\072\004\073\004\070\000.\000\040\000\050\0001\0006\0008\0005\000\040\040\023\000\040\0001\0007\0005\0003\000\051}{section.8}% 41
\BOOKMARK [2][-]{subsection.8.3}{\376\377\004\024\004\060\004\062\004\070\004\064\000\040\004\056\004\074\000\040\000\050\0001\0007\0001\0001\000\040\040\024\000\040\0001\0007\0007\0006\000\051}{section.8}% 42
\BOOKMARK [1][-]{section.9}{\376\377\004\022\004\025\004\032\000\040\004\037\004\040\004\036\004\041\004\022\004\025\004\051\004\025\004\035\004\030\004\057\000.}{}% 43
\BOOKMARK [2][-]{subsection.9.1}{\376\377\004\036\004\101\004\075\004\076\004\062\004\075\004\113\004\065\000\040\004\104\004\070\004\073\004\076\004\101\004\076\004\104\004\101\004\072\004\076\000-\004\070\004\101\004\102\004\076\004\100\004\070\004\107\004\065\004\101\004\072\004\070\004\065\000\040\004\070\004\064\004\065\004\070\000\040\004\115\004\077\004\076\004\105\004\070\000\040\004\077\004\100\004\076\004\101\004\062\004\065\004\111\004\065\004\075\004\070\004\117}{section.9}% 44
\BOOKMARK [2][-]{subsection.9.2}{\376\377\004\020\004\064\004\060\004\074\000\040\004\044\004\065\004\100\004\063\004\116\004\101\004\076\004\075\000.\0001\0007\0002\0003\000-\0001\0008\0001\0006}{section.9}% 45
\BOOKMARK [2][-]{subsection.9.3}{\376\377\000\040\004\026\004\060\004\075\000-\004\026\004\060\004\072\000\040\004\040\004\103\004\101\004\101\004\076\000\040\0001\0007\0001\0002\000-\0001\0007\0007\0008\000\040}{section.9}% 46
\BOOKMARK [2][-]{subsection.9.4}{\376\377\000\040\004\050\004\060\004\100\004\073\004\114\000\040\004\034\004\076\004\075\004\102\004\065\004\101\004\072\004\114\004\065\000\040\0001\0006\0008\0009\000-\0001\0007\0005\0005\000.\000\040}{section.9}% 47
\BOOKMARK [2][-]{subsection.9.5}{\376\377\000\040\004\032\004\073\004\076\004\064\000\040\004\020\004\064\004\100\004\070\004\060\004\075\000\040\004\023\004\065\004\073\004\114\004\062\004\065\004\071\004\106\004\070\004\071\000.\000\040\0001\0007\0001\0005\000-\0001\0007\0007\0001\000\040}{section.9}% 48
\BOOKMARK [2][-]{subsection.9.6}{\376\377\000\040\004\022\004\076\004\073\004\114\004\102\004\065\004\100\000.\000\040\0001\0006\0009\0004\000-\0001\0007\0007\0008\000\040}{section.9}% 49
\BOOKMARK [2][-]{subsection.9.7}{\376\377\004\024\004\066\004\076\004\067\004\065\004\062\000\040\004\044\004\100\004\070\004\101\004\072\004\070\000\040\000\050\0001\0007\0003\0003\000-\0001\0008\0000\0004\000\051}{section.9}% 50
\BOOKMARK [2][-]{subsection.9.8}{\376\377\004\036\004\061\004\111\004\065\004\101\004\102\004\062\004\076\000\040\004\070\000\040\004\070\004\101\004\102\004\076\004\100\004\070\004\117}{section.9}% 51
\BOOKMARK [2][-]{subsection.9.9}{\376\377\004\037\004\100\004\076\004\102\004\070\004\062\004\076\004\100\004\065\004\107\004\070\004\117\000\040\004\104\004\100\004\060\004\075\004\106\004\103\004\067\004\101\004\072\004\070\004\105\000\040\004\074\004\060\004\102\004\065\004\100\004\070\004\060\004\073\004\070\004\101\004\102\004\076\004\062}{section.9}% 52
\BOOKMARK [2][-]{subsection.9.10}{\376\377\004\030\004\074\004\074\004\060\004\075\004\103\004\073\000\040\004\032\004\060\004\075\004\102\000.\000\040\000\050\004\020\004\063\004\075\004\076\004\101\004\102\004\070\004\106\004\070\004\067\004\074\000\051}{section.9}% 53
\BOOKMARK [2][-]{subsection.9.11}{\376\377\004\024\004\076\004\072\004\100\004\070\004\102\004\070\004\107\004\065\004\101\004\072\004\070\004\071\000\040\004\077\004\065\004\100\004\070\004\076\004\064}{section.9}% 54
\BOOKMARK [2][-]{subsection.9.12}{\376\377\004\032\004\100\004\070\004\102\004\070\004\107\004\065\004\101\004\072\004\070\004\071\000\040\004\077\004\065\004\100\004\070\004\076\004\064}{section.9}% 55
\BOOKMARK [1][-]{section.10}{\376\377\004\044\004\070\004\073\004\076\004\101\004\076\004\104\004\070\004\117\000\040\004\032\004\060\004\075\004\102\004\060\000\040\000\050\004\077\004\100\004\076\004\064\004\076\004\073\004\066\004\065\004\075\004\070\004\065\000\051}{}% 56
\BOOKMARK [2][-]{subsection.10.1}{\376\377\004\030\004\076\004\063\004\060\004\075\004\075\000\040\004\023\004\076\004\102\004\073\004\070\004\061\000\040\004\044\004\070\004\105\004\102\004\065}{section.10}% 57
\BOOKMARK [2][-]{subsection.10.2}{\376\377\004\044\004\070\004\073\004\076\004\101\004\076\004\104\004\070\004\117}{section.10}% 58
\BOOKMARK [2][-]{subsection.10.3}{\376\377\004\044\004\100\004\070\004\064\004\100\004\070\004\105\000\040\004\022\004\070\004\073\004\114\004\063\004\065\004\073\004\114\004\074\000\040\004\031\004\076\004\067\004\065\004\104\000\040\004\050\004\065\004\073\004\073\004\070\004\075\004\063}{section.10}% 59
\BOOKMARK [3][-]{subsubsection.10.3.1}{\376\377\004\044\004\070\004\073\004\076\004\101\004\076\004\104\004\070\004\117\000\040\004\050\004\065\004\073\004\073\004\070\004\075\004\063\004\060}{subsection.10.3}% 60
\BOOKMARK [2][-]{subsection.10.4}{\376\377\004\023\004\065\004\076\004\100\004\063\000\040\004\022\004\070\004\073\004\114\004\063\004\065\004\073\004\114\004\074\000\040\004\044\004\100\004\070\004\064\004\100\004\070\004\105\000\040\004\023\004\065\004\063\004\065\004\073\004\114}{section.10}% 61
\BOOKMARK [1][-]{section.11}{\376\377\004\041\004\070\004\101\004\102\004\065\004\074\004\060\000\040\004\101\004\076\004\067\004\064\004\060\004\075\004\075\004\060\004\117\000\040\004\023\004\065\004\063\004\065\004\073\004\065\004\074\000.\000\040\004\044\004\070\004\073\004\076\004\101\004\076\004\104\004\070\004\117\000\040\004\023\004\065\004\063\004\065\004\073\004\117\000.}{}% 62
\BOOKMARK [1][-]{section.12}{\376\377\004\044\004\070\004\073\004\076\004\101\004\076\004\104\004\070\004\117\000\040\004\070\004\101\004\102\004\076\004\100\004\070\004\070\000\040\004\023\004\065\004\063\004\065\004\073\004\117\000.}{}% 63
\BOOKMARK [2][-]{subsection.12.1}{\376\377\004\041\004\103\004\102\004\114\000\040\004\104\004\070\004\073\004\076\004\101\004\076\004\104\004\070\004\070\000\040\004\023\004\065\004\063\004\065\004\073\004\117\000.}{section.12}% 64
\BOOKMARK [2][-]{subsection.12.2}{\376\377\004\037\004\065\004\100\004\070\004\076\004\064\004\070\004\067\004\060\004\106\004\070\004\117\000\040\004\070\004\101\004\102\004\076\004\100\004\070\004\070\000.}{section.12}% 65
\BOOKMARK [2][-]{subsection.12.3}{\376\377\004\034\004\073\004\060\004\064\004\076\004\063\004\065\004\063\004\065\004\073\004\114\004\117\004\075\004\101\004\102\004\062\004\076\000.}{section.12}% 66
\BOOKMARK [3][-]{subsubsection.12.3.1}{\376\377\004\024\004\060\004\062\004\070\004\064\000\040\004\044\004\100\004\070\004\064\004\100\004\070\004\105\000\040\004\050\004\102\004\100\004\060\004\103\004\101\004\101\000\050\0001\0008\0000\0008\000-\0001\0008\0007\0004\000\051}{subsection.12.3}% 67
\BOOKMARK [3][-]{subsubsection.12.3.2}{\376\377\004\021\004\100\004\103\004\075\004\076\000\040\004\021\004\060\004\103\004\115\004\100\000\050\0001\0008\0000\0009\000-\0001\0008\0008\0002\000\051}{subsection.12.3}% 68
\BOOKMARK [3][-]{subsubsection.12.3.3}{\376\377\004\033\004\116\004\064\004\062\004\070\004\063\000\040\004\044\004\065\004\071\004\065\004\100\004\061\004\060\004\105\000\050\0001\0008\0000\0004\000-\0001\0008\0007\0002\000\051}{subsection.12.3}% 69
\BOOKMARK [2][-]{subsection.12.4}{\376\377\004\032\004\100\004\070\004\067\004\070\004\101\000\040\004\074\004\060\004\102\004\065\004\100\004\070\004\060\004\073\004\070\004\067\004\074\004\060\000\040\004\075\004\060\000\040\004\100\004\103\004\061\004\065\004\066\004\065\000\040\0001\0009\000-\0002\0000\004\062\004\062\000.}{section.12}% 70
\BOOKMARK [1][-]{section.13}{\376\377\004\022\004\076\004\067\004\075\004\070\004\072\004\075\004\076\004\062\004\065\004\075\004\070\004\065\000\040\004\074\004\060\004\100\004\072\004\101\004\070\004\067\004\074\004\060}{}% 71
\BOOKMARK [2][-]{subsection.13.1}{\376\377\004\032\004\100\004\070\004\067\004\070\004\101\000\040\004\074\004\060\004\102\004\065\004\100\004\070\004\060\004\073\004\070\004\067\004\074\004\060\000\040\004\075\004\060\000\040\004\100\004\103\004\061\004\065\004\066\004\065\000\040\000X\000V\000I\000I\000I\040\023\000X\000I\000X\000\040\004\062\004\062}{section.13}% 72
\BOOKMARK [2][-]{subsection.13.2}{\376\377\004\037\004\100\004\065\004\064\004\077\004\076\004\101\004\113\004\073\004\072\004\070\000\040\004\062\004\076\004\067\004\075\004\070\004\072\004\075\004\076\004\062\004\065\004\075\004\070\004\117\000\040\004\074\004\060\004\100\004\072\004\101\004\070\004\101\004\102\004\101\004\072\004\076\004\071\000\040\004\104\004\070\004\073\004\076\004\101\004\076\004\104\004\070\004\070}{section.13}% 73
\BOOKMARK [2][-]{subsection.13.3}{\376\377\004\032\004\060\004\100\004\073\000\040\004\023\004\065\004\075\004\100\004\070\004\105\000\040\004\034\004\060\004\100\004\072\004\101\000\040\000\050\0001\0008\0001\0008\000-\0001\0008\0008\0003\000\051\000\040\004\070\000\040\004\044\004\100\004\070\004\064\004\100\004\070\004\105\000\040\004\055\004\075\004\063\004\065\004\073\004\114\004\101\000\040\000\050\0001\0008\0002\0000\000-\0001\0008\0009\0005\000\051}{section.13}% 74
\BOOKMARK [2][-]{subsection.13.4}{\376\377\004\022\004\076\004\067\004\075\004\070\004\072\004\075\004\076\004\062\004\065\004\075\004\070\004\065\000\040\004\104\004\070\004\073\004\076\004\101\004\076\004\104\004\070\004\070\000\040\004\074\004\060\004\100\004\072\004\101\004\070\004\067\004\074\004\060}{section.13}% 75
\BOOKMARK [2][-]{subsection.13.5}{\376\377\004\044\004\100\004\060\004\075\004\106\004\103\004\067\004\101\004\072\004\070\004\065\000\040\004\070\004\101\004\102\004\076\004\100\004\070\004\072\004\070\000\040\004\115\004\077\004\076\004\105\004\070\000\040\004\040\004\065\004\101\004\102\004\060\004\062\004\100\004\060\004\106\004\070\004\070}{section.13}% 76
\BOOKMARK [2][-]{subsection.13.6}{\376\377\004\036\004\102\004\072\004\100\004\113\004\102\004\070\004\065\000\040\004\115\004\072\004\076\004\075\004\076\004\074\004\070\004\107\004\065\004\101\004\072\004\070\004\105\000\040\004\076\004\102\004\075\004\076\004\110\004\065\004\075\004\070\004\071\000\040\004\070\000\040\004\062\004\076\004\067\004\075\004\070\004\072\004\075\004\076\004\062\004\065\004\075\004\070\004\065\000\040\004\077\004\076\004\073\004\070\004\102\004\070\004\107\004\065\004\101\004\072\004\076\004\071\000\040\004\115\004\072\004\076\004\075\004\076\004\074\004\070\004\070\000.}{section.13}% 77
\BOOKMARK [2][-]{subsection.13.7}{\376\377\004\044\004\070\004\073\004\076\004\101\004\076\004\104\004\070\004\117\000\040\004\070\004\101\004\102\004\076\004\100\004\070\004\070\000\040\004\020\000.\000\040\004\041\004\065\004\075\000-\004\041\004\070\004\074\004\076\004\075\004\060}{section.13}% 78
\BOOKMARK [2][-]{subsection.13.8}{\376\377\004\040\000.\000\040\004\024\004\066\004\076\004\075\004\101\000\040\004\070\000\040\004\065\004\063\004\076\000\040\004\062\004\072\004\073\004\060\004\064\000\040\004\062\000\040\004\100\004\060\004\067\004\062\004\070\004\102\004\070\004\065\000\040\004\115\004\072\004\076\004\075\004\076\004\074\004\070\004\107\004\065\004\101\004\072\004\076\004\071\000\040\004\075\004\060\004\103\004\072\004\070\000.}{section.13}% 79
\BOOKMARK [2][-]{subsection.13.9}{\376\377\004\036\004\102\004\072\004\100\004\113\004\102\004\070\004\065\000\040\004\032\000.\000\040\004\034\004\060\004\100\004\072\004\101\004\076\004\074\000\040\004\070\000\040\004\044\000.\000\040\004\055\004\075\004\063\004\065\004\073\004\114\004\101\004\076\004\074\000\040\004\101\004\076\004\106\004\070\004\060\004\073\004\114\004\075\004\076\004\071\000\040\004\074\004\060\004\102\004\065\004\100\004\070\004\070\000\040\004\070\000\040\004\101\004\076\004\067\004\064\004\060\004\075\004\070\004\065\000\040\004\070\004\074\004\070\000\040\004\074\004\060\004\102\004\065\004\100\004\070\004\060\004\073\004\070\004\101\004\102\004\070\004\107\004\065\004\101\004\072\004\076\004\063\004\076\000\040\004\077\004\076\004\075\004\070\004\074\004\060\004\075\004\070\004\117\000\040\004\070\004\101\004\102\004\076\004\100\004\070\004\070}{section.13}% 80
\BOOKMARK [1][-]{section.14}{\376\377\004\055\004\072\004\076\004\075\004\076\004\074\004\070\004\107\004\065\004\101\004\072\004\070\004\065\000\040\004\076\004\102\004\075\004\076\004\110\004\065\004\075\004\070\004\117}{}% 81
\BOOKMARK [2][-]{subsection.14.1}{\376\377\004\022\004\062\004\065\004\064\004\065\004\075\004\070\004\065}{section.14}% 82
\BOOKMARK [1][-]{section.15}{\376\377\004\030\004\100\004\100\004\060\004\106\004\070\004\076\004\075\004\060\004\073\004\070\004\067\004\074\000\040\004\070\000\040\004\077\004\076\004\067\004\070\004\102\004\070\004\062\004\070\004\067\004\074\000.\000\040\000<\000<\004\020\004\075\004\060\004\073\004\070\004\102\004\070\004\107\004\065\004\101\004\072\004\060\004\117\000\040\004\104\004\070\004\073\004\076\004\101\004\076\004\104\004\070\004\117\000>\000>}{}% 83
\BOOKMARK [2][-]{subsection.15.1}{\376\377\004\030\004\100\004\100\004\060\004\106\004\070\004\076\004\075\004\060\004\073\004\070\004\067\004\074\000.}{section.15}% 84
\BOOKMARK [2][-]{subsection.15.2}{\376\377\004\050\004\076\004\077\004\065\004\075\004\063\004\060\004\103\004\115\004\100}{section.15}% 85
\BOOKMARK [2][-]{subsection.15.3}{\376\377\004\035\004\070\004\106\004\110\004\065\000.\000\040\0001\0008\0004\0004\000-\0001\0008\0009\0009}{section.15}% 86
\BOOKMARK [2][-]{subsection.15.4}{\376\377\004\037\004\076\004\067\004\070\004\102\004\070\004\062\004\070\004\067\004\074}{section.15}% 87
\BOOKMARK [2][-]{subsection.15.5}{\376\377\004\022\004\102\004\076\004\100\004\076\004\071\000\040\004\077\004\076\004\067\004\070\004\102\004\070\004\062\004\070\004\067\004\074\000\040\004\072\004\076\004\075\004\065\004\106\000\040\000X\000I\000X\000-\000\040\004\075\004\060\004\107\004\060\004\073\004\076\000\040\000X\000X}{section.15}% 88
\BOOKMARK [2][-]{subsection.15.6}{\376\377\004\020\004\075\004\060\004\073\004\070\004\102\004\070\004\107\004\065\004\101\004\072\004\060\004\117\000\040\004\104\004\070\004\073\004\076\004\101\004\076\004\104\004\070\004\117}{section.15}% 89
